{
  "RSpec": {
    "coverage": {
      "/home/mpaschevska/Projects/sample_app2/app/controllers/application_controller.rb": [
        1,
        1,
        1,
        null,
        null,
        1,
        0,
        0,
        null,
        null
      ],
      "/home/mpaschevska/Projects/sample_app2/app/helpers/application_helper.rb": [
        1,
        null,
        1,
        0,
        0,
        0,
        null,
        0,
        null,
        null,
        null
      ],
      "/home/mpaschevska/Projects/sample_app2/app/helpers/sessions_helper.rb": [
        1,
        1,
        null,
        64,
        null,
        64,
        null,
        null,
        null,
        1,
        436,
        null,
        null,
        null,
        1,
        null,
        65,
        null,
        null,
        1,
        null,
        1071,
        null,
        null,
        1,
        156,
        null,
        null,
        1,
        62,
        10,
        10,
        null,
        null,
        null,
        1,
        null,
        1,
        null,
        1,
        null,
        null,
        null,
        1,
        55,
        55,
        null,
        null,
        null,
        1,
        10,
        null,
        null
      ],
      "/home/mpaschevska/Projects/sample_app2/app/helpers/static_pages_helper.rb": [
        1,
        null
      ],
      "/home/mpaschevska/Projects/sample_app2/app/helpers/users_helper.rb": [
        1,
        null,
        null,
        null,
        null,
        null,
        null,
        null,
        1,
        217,
        217,
        217,
        217,
        null,
        null
      ],
      "/home/mpaschevska/Projects/sample_app2/app/controllers/microposts_controller.rb": [
        1,
        1,
        1,
        null,
        1,
        null,
        3,
        3,
        1,
        1,
        null,
        2,
        2,
        null,
        null,
        null,
        1,
        1,
        1,
        null,
        null,
        1,
        null,
        1,
        null,
        null,
        2,
        1,
        null,
        null
      ],
      "/home/mpaschevska/Projects/sample_app2/app/models/micropost.rb": [
        1,
        1,
        1,
        null,
        1,
        1,
        null,
        1,
        null,
        1,
        19,
        null,
        19,
        null,
        null,
        null,
        null
      ],
      "/home/mpaschevska/Projects/sample_app2/app/controllers/relationships_controller.rb": [
        1,
        1,
        null,
        1,
        5,
        5,
        null,
        5,
        8,
        5,
        null,
        null,
        null,
        1,
        5,
        5,
        5,
        null,
        8,
        5,
        null,
        null,
        null
      ],
      "/home/mpaschevska/Projects/sample_app2/app/models/relationship.rb": [
        1,
        1,
        null,
        1,
        1,
        null,
        1,
        1,
        null
      ],
      "/home/mpaschevska/Projects/sample_app2/app/controllers/sessions_controller.rb": [
        1,
        1,
        null,
        null,
        1,
        null,
        null,
        58,
        58,
        null,
        55,
        55,
        null,
        3,
        null,
        3,
        null,
        null,
        null,
        1,
        1,
        1,
        null,
        null
      ],
      "/home/mpaschevska/Projects/sample_app2/app/controllers/static_pages_controller.rb": [
        1,
        1,
        24,
        13,
        13,
        null,
        null,
        null,
        1,
        null,
        null,
        1,
        null,
        null,
        1,
        null,
        null
      ],
      "/home/mpaschevska/Projects/sample_app2/app/controllers/users_controller.rb": [
        1,
        1,
        1,
        1,
        null,
        1,
        86,
        86,
        null,
        1,
        10,
        null,
        null,
        1,
        7,
        7,
        4,
        null,
        4,
        4,
        null,
        3,
        null,
        null,
        null,
        1,
        null,
        null,
        null,
        null,
        1,
        6,
        6,
        null,
        5,
        5,
        5,
        null,
        1,
        null,
        null,
        null,
        1,
        12,
        null,
        null,
        1,
        1,
        1,
        1,
        null,
        null,
        1,
        3,
        3,
        3,
        3,
        null,
        null,
        1,
        3,
        3,
        3,
        3,
        null,
        null,
        1,
        null,
        1,
        18,
        18,
        null,
        null,
        1,
        2,
        null,
        null
      ],
      "/home/mpaschevska/Projects/sample_app2/app/models/user.rb": [
        null,
        null,
        null,
        null,
        null,
        null,
        null,
        null,
        null,
        null,
        null,
        1,
        1,
        1,
        null,
        1,
        1,
        1,
        1,
        null,
        null,
        1,
        null,
        null,
        175,
        1,
        null,
        1,
        1,
        1,
        null,
        null,
        1,
        1,
        null,
        1,
        19,
        null,
        null,
        null,
        1,
        13,
        null,
        null,
        null,
        1,
        25,
        null,
        null,
        null,
        1,
        5,
        null,
        null,
        1,
        null,
        1,
        174,
        null,
        null
      ]
    },
    "timestamp": 1386165901
  }
}
